This file contains any messages produced by compilers while
running configure, to aid debugging if configure makes a mistake.

It was created by libspatialite configure 5.1.0, which was
generated by GNU Autoconf 2.69.  Invocation command line was

  $ ./configure --build=x86_64-pc-linux-gnu --host=arm-linux-eabi

## --------- ##
## Platform. ##
## --------- ##

hostname = Abdelhameeds-MacBook-Air.local
uname -m = arm64
uname -r = 20.4.0
uname -s = Darwin
uname -v = Darwin Kernel Version 20.4.0: Thu Apr 22 21:46:41 PDT 2021; root:xnu-7195.101.2~1/RELEASE_ARM64_T8101

/usr/bin/uname -p = arm
/bin/uname -X     = unknown

/bin/arch              = unknown
/usr/bin/arch -k       = unknown
/usr/convex/getsysinfo = unknown
/usr/bin/hostinfo      = Mach kernel version:
	 Darwin Kernel Version 20.4.0: Thu Apr 22 21:46:41 PDT 2021; root:xnu-7195.101.2~1/RELEASE_ARM64_T8101
Kernel configured for up to 8 processors.
8 processors are physically available.
8 processors are logically available.
Processor type: arm64e (ARM64E)
Processors active: 0 1 2 3 4 5 6 7
Primary memory available: 16.00 gigabytes
Default processor set: 571 tasks, 3844 threads, 8 processors
Load average: 1.41, Mach factor: 6.58
/bin/machine           = unknown
/usr/bin/oslevel       = unknown
/bin/universe          = unknown

PATH: /home/abdelhameed/.deno/bin
PATH: /opt/homebrew/bin
PATH: /opt/homebrew/sbin
PATH: /usr/local/bin
PATH: /usr/bin
PATH: /bin
PATH: /usr/sbin
PATH: /sbin
PATH: /usr/local/go/bin
PATH: /Library/Apple/usr/bin
PATH: /Users/abdelhameed/Library/Android/sdk/platform-tools
PATH: /Users/abdelhameed/Library/pnpm
PATH: /home/abdelhameed/.deno/bin
PATH: /opt/homebrew/bin
PATH: /opt/homebrew/sbin


## ----------- ##
## Core tests. ##
## ----------- ##

configure:2608: checking for a BSD-compatible install
configure:2676: result: /usr/bin/install -c
configure:2687: checking whether build environment is sane
configure:2742: result: yes
configure:2801: checking for arm-linux-eabi-strip
configure:2831: result: no
configure:2841: checking for strip
configure:2857: found /usr/bin/strip
configure:2868: result: strip
configure:2880: WARNING: using cross tools not prefixed with host triplet
configure:2893: checking for a thread-safe mkdir -p
configure:2932: result: ./install-sh -c -d
configure:2939: checking for gawk
configure:2969: result: no
configure:2939: checking for mawk
configure:2969: result: no
configure:2939: checking for nawk
configure:2969: result: no
configure:2939: checking for awk
configure:2955: found /usr/bin/awk
configure:2966: result: awk
configure:2977: checking whether make sets $(MAKE)
configure:2999: result: yes
configure:3028: checking whether make supports nested variables
configure:3045: result: yes
configure:3163: checking whether to enable maintainer-specific portions of Makefiles
configure:3172: result: no
configure:3233: checking whether make supports the include directive
configure:3248: make -f confmf.GNU && cat confinc.out
this is the am__doit target
configure:3251: $? = 0
configure:3270: result: yes (GNU style)
configure:3300: checking for arm-linux-eabi-gcc
configure:3330: result: no
configure:3340: checking for gcc
configure:3356: found /usr/bin/gcc
configure:3367: result: gcc
configure:3596: checking for C compiler version
configure:3605: gcc --version >&5
Apple clang version 13.0.0 (clang-1300.0.29.30)
Target: arm64-apple-darwin20.4.0
Thread model: posix
InstalledDir: /Applications/Xcode.app/Contents/Developer/Toolchains/XcodeDefault.xctoolchain/usr/bin
Configured with: --prefix=/Applications/Xcode.app/Contents/Developer/usr --with-gxx-include-dir=/Library/Developer/CommandLineTools/SDKs/MacOSX.sdk/usr/include/c++/4.2.1
configure:3616: $? = 0
configure:3605: gcc -v >&5
Configured with: --prefix=/Applications/Xcode.app/Contents/Developer/usr --with-gxx-include-dir=/Library/Developer/CommandLineTools/SDKs/MacOSX.sdk/usr/include/c++/4.2.1
Apple clang version 13.0.0 (clang-1300.0.29.30)
Target: arm64-apple-darwin20.4.0
Thread model: posix
InstalledDir: /Applications/Xcode.app/Contents/Developer/Toolchains/XcodeDefault.xctoolchain/usr/bin
configure:3616: $? = 0
configure:3605: gcc -V >&5
clang: error: argument to '-V' is missing (expected 1 value)
clang: error: no input files
configure:3616: $? = 1
configure:3605: gcc -qversion >&5
clang: error: unknown argument '-qversion'; did you mean '--version'?
clang: error: no input files
configure:3616: $? = 1
configure:3636: checking whether the C compiler works
configure:3658: gcc    conftest.c  >&5
configure:3662: $? = 0
configure:3710: result: yes
configure:3713: checking for C compiler default output file name
configure:3715: result: a.out
configure:3721: checking for suffix of executables
configure:3728: gcc -o conftest    conftest.c  >&5
configure:3732: $? = 0
configure:3754: result: 
configure:3776: checking whether we are cross compiling
configure:3814: result: yes
configure:3819: checking for suffix of object files
configure:3841: gcc -c   conftest.c >&5
configure:3845: $? = 0
configure:3866: result: o
configure:3870: checking whether we are using the GNU C compiler
configure:3889: gcc -c   conftest.c >&5
configure:3889: $? = 0
configure:3898: result: yes
configure:3907: checking whether gcc accepts -g
configure:3927: gcc -c -g  conftest.c >&5
configure:3927: $? = 0
configure:3968: result: yes
configure:3985: checking for gcc option to accept ISO C89
configure:4048: gcc  -c -g -O2  conftest.c >&5
configure:4048: $? = 0
configure:4061: result: none needed
configure:4086: checking whether gcc understands -c and -o together
configure:4108: gcc -c conftest.c -o conftest2.o
configure:4111: $? = 0
configure:4108: gcc -c conftest.c -o conftest2.o
configure:4111: $? = 0
configure:4123: result: yes
configure:4142: checking dependency style of gcc
configure:4253: result: gcc3
configure:4274: checking how to run the C preprocessor
configure:4305: gcc -E  conftest.c
configure:4305: $? = 0
configure:4319: gcc -E  conftest.c
conftest.c:13:10: fatal error: 'ac_nonexistent.h' file not found
#include <ac_nonexistent.h>
         ^~~~~~~~~~~~~~~~~~
1 error generated.
configure:4319: $? = 1
configure: failed program was:
| /* confdefs.h */
| #define PACKAGE_NAME "libspatialite"
| #define PACKAGE_TARNAME "libspatialite"
| #define PACKAGE_VERSION "5.1.0"
| #define PACKAGE_STRING "libspatialite 5.1.0"
| #define PACKAGE_BUGREPORT "a.furieri@lqt.it"
| #define PACKAGE_URL ""
| #define _LARGE_FILE 1
| #define _FILE_OFFSET_BITS 64
| #define _LARGEFILE_SOURCE 1
| #define NDEBUG 1
| /* end confdefs.h.  */
| #include <ac_nonexistent.h>
configure:4344: result: gcc -E
configure:4364: gcc -E  conftest.c
configure:4364: $? = 0
configure:4378: gcc -E  conftest.c
conftest.c:13:10: fatal error: 'ac_nonexistent.h' file not found
#include <ac_nonexistent.h>
         ^~~~~~~~~~~~~~~~~~
1 error generated.
configure:4378: $? = 1
configure: failed program was:
| /* confdefs.h */
| #define PACKAGE_NAME "libspatialite"
| #define PACKAGE_TARNAME "libspatialite"
| #define PACKAGE_VERSION "5.1.0"
| #define PACKAGE_STRING "libspatialite 5.1.0"
| #define PACKAGE_BUGREPORT "a.furieri@lqt.it"
| #define PACKAGE_URL ""
| #define _LARGE_FILE 1
| #define _FILE_OFFSET_BITS 64
| #define _LARGEFILE_SOURCE 1
| #define NDEBUG 1
| /* end confdefs.h.  */
| #include <ac_nonexistent.h>
configure:4407: checking for grep that handles long lines and -e
configure:4465: result: /usr/bin/grep
configure:4470: checking for egrep
configure:4532: result: /usr/bin/grep -E
configure:4537: checking for ANSI C header files
configure:4557: gcc -c -g -O2  conftest.c >&5
configure:4557: $? = 0
configure:4641: result: yes
configure:4654: checking for sys/types.h
configure:4654: gcc -c -g -O2  conftest.c >&5
configure:4654: $? = 0
configure:4654: result: yes
configure:4654: checking for sys/stat.h
configure:4654: gcc -c -g -O2  conftest.c >&5
configure:4654: $? = 0
configure:4654: result: yes
configure:4654: checking for stdlib.h
configure:4654: gcc -c -g -O2  conftest.c >&5
configure:4654: $? = 0
configure:4654: result: yes
configure:4654: checking for string.h
configure:4654: gcc -c -g -O2  conftest.c >&5
configure:4654: $? = 0
configure:4654: result: yes
configure:4654: checking for memory.h
configure:4654: gcc -c -g -O2  conftest.c >&5
configure:4654: $? = 0
configure:4654: result: yes
configure:4654: checking for strings.h
configure:4654: gcc -c -g -O2  conftest.c >&5
configure:4654: $? = 0
configure:4654: result: yes
configure:4654: checking for inttypes.h
configure:4654: gcc -c -g -O2  conftest.c >&5
configure:4654: $? = 0
configure:4654: result: yes
configure:4654: checking for stdint.h
configure:4654: gcc -c -g -O2  conftest.c >&5
configure:4654: $? = 0
configure:4654: result: yes
configure:4654: checking for unistd.h
configure:4654: gcc -c -g -O2  conftest.c >&5
configure:4654: $? = 0
configure:4654: result: yes
configure:4668: checking for stdlib.h
configure:4668: result: yes
configure:4682: checking stdio.h usability
configure:4682: gcc -c -g -O2  conftest.c >&5
configure:4682: $? = 0
configure:4682: result: yes
configure:4682: checking stdio.h presence
configure:4682: gcc -E  conftest.c
configure:4682: $? = 0
configure:4682: result: yes
configure:4682: checking for stdio.h
configure:4682: result: yes
configure:4696: checking for string.h
configure:4696: result: yes
configure:4710: checking for memory.h
configure:4710: result: yes
configure:4724: checking math.h usability
configure:4724: gcc -c -g -O2  conftest.c >&5
configure:4724: $? = 0
configure:4724: result: yes
configure:4724: checking math.h presence
configure:4724: gcc -E  conftest.c
configure:4724: $? = 0
configure:4724: result: yes
configure:4724: checking for math.h
configure:4724: result: yes
configure:4738: checking float.h usability
configure:4738: gcc -c -g -O2  conftest.c >&5
configure:4738: $? = 0
configure:4738: result: yes
configure:4738: checking float.h presence
configure:4738: gcc -E  conftest.c
configure:4738: $? = 0
configure:4738: result: yes
configure:4738: checking for float.h
configure:4738: result: yes
configure:4752: checking fcntl.h usability
configure:4752: gcc -c -g -O2  conftest.c >&5
configure:4752: $? = 0
configure:4752: result: yes
configure:4752: checking fcntl.h presence
configure:4752: gcc -E  conftest.c
configure:4752: $? = 0
configure:4752: result: yes
configure:4752: checking for fcntl.h
configure:4752: result: yes
configure:4766: checking for inttypes.h
configure:4766: result: yes
configure:4780: checking stddef.h usability
configure:4780: gcc -c -g -O2  conftest.c >&5
configure:4780: $? = 0
configure:4780: result: yes
configure:4780: checking stddef.h presence
configure:4780: gcc -E  conftest.c
configure:4780: $? = 0
configure:4780: result: yes
configure:4780: checking for stddef.h
configure:4780: result: yes
configure:4794: checking for stdint.h
configure:4794: result: yes
configure:4808: checking sys/time.h usability
configure:4808: gcc -c -g -O2  conftest.c >&5
configure:4808: $? = 0
configure:4808: result: yes
configure:4808: checking sys/time.h presence
configure:4808: gcc -E  conftest.c
configure:4808: $? = 0
configure:4808: result: yes
configure:4808: checking for sys/time.h
configure:4808: result: yes
configure:4822: checking for unistd.h
configure:4822: result: yes
configure:4836: checking sqlite3.h usability
configure:4836: gcc -c -g -O2  conftest.c >&5
configure:4836: $? = 0
configure:4836: result: yes
configure:4836: checking sqlite3.h presence
configure:4836: gcc -E  conftest.c
configure:4836: $? = 0
configure:4836: result: yes
configure:4836: checking for sqlite3.h
configure:4836: result: yes
configure:4850: checking sqlite3ext.h usability
configure:4850: gcc -c -g -O2  conftest.c >&5
configure:4850: $? = 0
configure:4850: result: yes
configure:4850: checking sqlite3ext.h presence
configure:4850: gcc -E  conftest.c
configure:4850: $? = 0
configure:4850: result: yes
configure:4850: checking for sqlite3ext.h
configure:4850: result: yes
configure:4864: checking zlib.h usability
configure:4864: gcc -c -g -O2  conftest.c >&5
configure:4864: $? = 0
configure:4864: result: yes
configure:4864: checking zlib.h presence
configure:4864: gcc -E  conftest.c
configure:4864: $? = 0
configure:4864: result: yes
configure:4864: checking for zlib.h
configure:4864: result: yes
configure:4893: checking for arm-linux-eabi-g++
configure:4923: result: no
configure:4893: checking for arm-linux-eabi-c++
configure:4923: result: no
configure:4893: checking for arm-linux-eabi-gpp
configure:4923: result: no
configure:4893: checking for arm-linux-eabi-aCC
configure:4923: result: no
configure:4893: checking for arm-linux-eabi-CC
configure:4923: result: no
configure:4893: checking for arm-linux-eabi-cxx
configure:4923: result: no
configure:4893: checking for arm-linux-eabi-cc++
configure:4923: result: no
configure:4893: checking for arm-linux-eabi-cl.exe
configure:4923: result: no
configure:4893: checking for arm-linux-eabi-FCC
configure:4923: result: no
configure:4893: checking for arm-linux-eabi-KCC
configure:4923: result: no
configure:4893: checking for arm-linux-eabi-RCC
configure:4923: result: no
configure:4893: checking for arm-linux-eabi-xlC_r
configure:4923: result: no
configure:4893: checking for arm-linux-eabi-xlC
configure:4923: result: no
configure:4937: checking for g++
configure:4953: found /usr/bin/g++
configure:4964: result: g++
configure:4991: checking for C++ compiler version
configure:5000: g++ --version >&5
Apple clang version 13.0.0 (clang-1300.0.29.30)
Target: arm64-apple-darwin20.4.0
Thread model: posix
InstalledDir: /Applications/Xcode.app/Contents/Developer/Toolchains/XcodeDefault.xctoolchain/usr/bin
Configured with: --prefix=/Applications/Xcode.app/Contents/Developer/usr --with-gxx-include-dir=/Library/Developer/CommandLineTools/SDKs/MacOSX.sdk/usr/include/c++/4.2.1
configure:5011: $? = 0
configure:5000: g++ -v >&5
Configured with: --prefix=/Applications/Xcode.app/Contents/Developer/usr --with-gxx-include-dir=/Library/Developer/CommandLineTools/SDKs/MacOSX.sdk/usr/include/c++/4.2.1
Apple clang version 13.0.0 (clang-1300.0.29.30)
Target: arm64-apple-darwin20.4.0
Thread model: posix
InstalledDir: /Applications/Xcode.app/Contents/Developer/Toolchains/XcodeDefault.xctoolchain/usr/bin
configure:5011: $? = 0
configure:5000: g++ -V >&5
clang: error: argument to '-V' is missing (expected 1 value)
clang: error: no input files
configure:5011: $? = 1
configure:5000: g++ -qversion >&5
clang: error: unknown argument '-qversion'; did you mean '--version'?
clang: error: no input files
configure:5011: $? = 1
configure:5015: checking whether we are using the GNU C++ compiler
configure:5034: g++ -c   conftest.cpp >&5
configure:5034: $? = 0
configure:5043: result: yes
configure:5052: checking whether g++ accepts -g
configure:5072: g++ -c -g  conftest.cpp >&5
configure:5072: $? = 0
configure:5113: result: yes
configure:5138: checking dependency style of g++
configure:5249: result: gcc3
configure:5272: checking for arm-linux-eabi-gcc
configure:5299: result: gcc
configure:5568: checking for C compiler version
configure:5577: gcc --version >&5
Apple clang version 13.0.0 (clang-1300.0.29.30)
Target: arm64-apple-darwin20.4.0
Thread model: posix
InstalledDir: /Applications/Xcode.app/Contents/Developer/Toolchains/XcodeDefault.xctoolchain/usr/bin
Configured with: --prefix=/Applications/Xcode.app/Contents/Developer/usr --with-gxx-include-dir=/Library/Developer/CommandLineTools/SDKs/MacOSX.sdk/usr/include/c++/4.2.1
configure:5588: $? = 0
configure:5577: gcc -v >&5
Configured with: --prefix=/Applications/Xcode.app/Contents/Developer/usr --with-gxx-include-dir=/Library/Developer/CommandLineTools/SDKs/MacOSX.sdk/usr/include/c++/4.2.1
Apple clang version 13.0.0 (clang-1300.0.29.30)
Target: arm64-apple-darwin20.4.0
Thread model: posix
InstalledDir: /Applications/Xcode.app/Contents/Developer/Toolchains/XcodeDefault.xctoolchain/usr/bin
configure:5588: $? = 0
configure:5577: gcc -V >&5
clang: error: argument to '-V' is missing (expected 1 value)
clang: error: no input files
configure:5588: $? = 1
configure:5577: gcc -qversion >&5
clang: error: unknown argument '-qversion'; did you mean '--version'?
clang: error: no input files
configure:5588: $? = 1
configure:5592: checking whether we are using the GNU C compiler
configure:5620: result: yes
configure:5629: checking whether gcc accepts -g
configure:5690: result: yes
configure:5707: checking for gcc option to accept ISO C89
configure:5783: result: none needed
configure:5808: checking whether gcc understands -c and -o together
configure:5845: result: yes
configure:5864: checking dependency style of gcc
configure:5975: result: gcc3
configure:5995: checking how to run the C preprocessor
configure:6065: result: gcc -E
configure:6085: gcc -E  conftest.c
configure:6085: $? = 0
configure:6099: gcc -E  conftest.c
conftest.c:38:10: fatal error: 'ac_nonexistent.h' file not found
#include <ac_nonexistent.h>
         ^~~~~~~~~~~~~~~~~~
1 error generated.
configure:6099: $? = 1
configure: failed program was:
| /* confdefs.h */
| #define PACKAGE_NAME "libspatialite"
| #define PACKAGE_TARNAME "libspatialite"
| #define PACKAGE_VERSION "5.1.0"
| #define PACKAGE_STRING "libspatialite 5.1.0"
| #define PACKAGE_BUGREPORT "a.furieri@lqt.it"
| #define PACKAGE_URL ""
| #define _LARGE_FILE 1
| #define _FILE_OFFSET_BITS 64
| #define _LARGEFILE_SOURCE 1
| #define NDEBUG 1
| #define STDC_HEADERS 1
| #define HAVE_SYS_TYPES_H 1
| #define HAVE_SYS_STAT_H 1
| #define HAVE_STDLIB_H 1
| #define HAVE_STRING_H 1
| #define HAVE_MEMORY_H 1
| #define HAVE_STRINGS_H 1
| #define HAVE_INTTYPES_H 1
| #define HAVE_STDINT_H 1
| #define HAVE_UNISTD_H 1
| #define HAVE_STDLIB_H 1
| #define HAVE_STDIO_H 1
| #define HAVE_STRING_H 1
| #define HAVE_MEMORY_H 1
| #define HAVE_MATH_H 1
| #define HAVE_FLOAT_H 1
| #define HAVE_FCNTL_H 1
| #define HAVE_INTTYPES_H 1
| #define HAVE_STDDEF_H 1
| #define HAVE_STDINT_H 1
| #define HAVE_SYS_TIME_H 1
| #define HAVE_UNISTD_H 1
| #define HAVE_SQLITE3_H 1
| #define HAVE_SQLITE3EXT_H 1
| #define HAVE_ZLIB_H 1
| /* end confdefs.h.  */
| #include <ac_nonexistent.h>
configure:6128: checking whether ln -s works
configure:6132: result: yes
configure:6139: checking whether make sets $(MAKE)
configure:6161: result: yes
configure:6199: checking build system type
configure:6213: result: x86_64-pc-linux-gnu
configure:6233: checking host system type
configure:6246: result: arm-linux-eabi
configure:6287: checking how to print strings
configure:6314: result: printf
configure:6335: checking for a sed that does not truncate output
configure:6399: result: /usr/bin/sed
configure:6417: checking for fgrep
configure:6479: result: /usr/bin/grep -F
configure:6514: checking for ld used by gcc
configure:6581: result: /Applications/Xcode.app/Contents/Developer/Toolchains/XcodeDefault.xctoolchain/usr/bin/ld
configure:6588: checking if the linker (/Applications/Xcode.app/Contents/Developer/Toolchains/XcodeDefault.xctoolchain/usr/bin/ld) is GNU ld
configure:6603: result: no
configure:6615: checking for BSD- or MS-compatible name lister (nm)
configure:6669: result: no
configure:6683: checking for arm-linux-eabi-dumpbin
configure:6713: result: no
configure:6683: checking for arm-linux-eabi-link
configure:6713: result: no
configure:6727: checking for dumpbin
configure:6757: result: no
configure:6727: checking for link
configure:6743: found /bin/link
configure:6754: result: link -dump
configure:6799: checking the name lister (nm) interface
configure:6806: gcc -c -g -O2  conftest.c >&5
configure:6809: nm "conftest.o"
configure:6812: output
0000000000000278 S _some_variable
0000000000000000 t ltmp0
0000000000000278 s ltmp1
configure:6819: result: BSD nm
configure:6823: checking the maximum length of command line arguments
configure:6954: result: 786432
configure:7002: checking how to convert x86_64-pc-linux-gnu file names to arm-linux-eabi format
configure:7042: result: func_convert_file_noop
configure:7049: checking how to convert x86_64-pc-linux-gnu file names to toolchain format
configure:7069: result: func_convert_file_noop
configure:7076: checking for /Applications/Xcode.app/Contents/Developer/Toolchains/XcodeDefault.xctoolchain/usr/bin/ld option to reload object files
configure:7083: result: -r
configure:7117: checking for arm-linux-eabi-objdump
configure:7147: result: no
configure:7157: checking for objdump
configure:7173: found /usr/bin/objdump
configure:7184: result: objdump
configure:7213: checking how to recognize dependent libraries
configure:7413: result: unknown
configure:7458: checking for arm-linux-eabi-dlltool
configure:7488: result: no
configure:7498: checking for dlltool
configure:7528: result: no
configure:7555: checking how to associate runtime and link libraries
configure:7582: result: printf %s\n
configure:7598: checking for arm-linux-eabi-ar
configure:7628: result: no
configure:7642: checking for ar
configure:7658: found /usr/bin/ar
configure:7669: result: ar
configure:7706: checking for archiver @FILE support
configure:7723: gcc -c -g -O2  conftest.c >&5
configure:7723: $? = 0
configure:7726: ar cru libconftest.a @conftest.lst >&5
ar: @conftest.lst: No such file or directory
configure:7729: $? = 1
configure:7749: result: no
configure:7767: checking for arm-linux-eabi-strip
configure:7794: result: strip
configure:7866: checking for arm-linux-eabi-ranlib
configure:7896: result: no
configure:7906: checking for ranlib
configure:7922: found /usr/bin/ranlib
configure:7933: result: ranlib
configure:8035: checking command to parse nm output from gcc object
configure:8188: gcc -c -g -O2  conftest.c >&5
configure:8191: $? = 0
configure:8195: nm conftest.o \| sed -n -e 's/^.*[ ]\([BCDEGRST][BCDEGRST]*\)[ ][ ]*\([_A-Za-z][_A-Za-z0-9]*\)$/\1 \2 \2/p' | sed '/ __gnu_lto/d' \> conftest.nm
configure:8198: $? = 0
cannot find nm_test_var in conftest.nm
configure:8188: gcc -c -g -O2  conftest.c >&5
configure:8191: $? = 0
configure:8195: nm conftest.o \| sed -n -e 's/^.*[ ]\([BCDEGRST][BCDEGRST]*\)[ ][ ]*_\([_A-Za-z][_A-Za-z0-9]*\)$/\1 _\2 \2/p' | sed '/ __gnu_lto/d' \> conftest.nm
configure:8198: $? = 0
configure:8264: gcc -o conftest -g -O2   conftest.c conftstm.o >&5
warning: (arm64)  could not find object file symbol for symbol _main
configure:8267: $? = 0
configure:8305: result: ok
configure:8352: checking for sysroot
configure:8382: result: no
configure:8389: checking for a working dd
configure:8427: result: /bin/dd
configure:8431: checking how to truncate binary pipes
configure:8446: result: /bin/dd bs=4096 count=1
configure:8735: checking for arm-linux-eabi-mt
configure:8765: result: no
configure:8775: checking for mt
configure:8805: result: no
configure:8825: checking if : is a manifest tool
configure:8831: : '-?'
configure:8839: result: no
configure:9513: checking for dlfcn.h
configure:9513: gcc -c -g -O2  conftest.c >&5
configure:9513: $? = 0
configure:9513: result: yes
configure:10078: checking for objdir
configure:10093: result: .libs
configure:10357: checking if gcc supports -fno-rtti -fno-exceptions
configure:10375: gcc -c -g -O2  -fno-rtti -fno-exceptions conftest.c >&5
configure:10379: $? = 0
configure:10392: result: yes
configure:10750: checking for gcc option to produce PIC
configure:10757: result: -fPIC -DPIC
configure:10765: checking if gcc PIC flag -fPIC -DPIC works
configure:10783: gcc -c -g -O2  -fPIC -DPIC -DPIC conftest.c >&5
configure:10787: $? = 0
configure:10800: result: yes
configure:10829: checking if gcc static flag -static works
configure:10857: result: no
configure:10872: checking if gcc supports -c -o file.o
configure:10893: gcc -c -g -O2  -o out/conftest2.o conftest.c >&5
configure:10897: $? = 0
configure:10919: result: yes
configure:10927: checking if gcc supports -c -o file.o
configure:10974: result: yes
configure:11007: checking whether the gcc linker (/Applications/Xcode.app/Contents/Developer/Toolchains/XcodeDefault.xctoolchain/usr/bin/ld) supports shared libraries
configure:12266: result: no
configure:12506: checking dynamic linker characteristics
configure:13327: result: no
configure:13449: checking how to hardcode library paths into programs
configure:13474: result: unsupported
configure:14022: checking whether stripping libraries is possible
configure:14044: result: no
configure:14062: checking if libtool supports shared libraries
configure:14064: result: no
configure:14067: checking whether to build shared libraries
configure:14092: result: no
configure:14095: checking whether to build static libraries
configure:14099: result: yes
configure:14122: checking how to run the C++ preprocessor
configure:14149: g++ -E  conftest.cpp
configure:14149: $? = 0
configure:14163: g++ -E  conftest.cpp
conftest.cpp:40:10: fatal error: 'ac_nonexistent.h' file not found
#include <ac_nonexistent.h>
         ^~~~~~~~~~~~~~~~~~
1 error generated.
configure:14163: $? = 1
configure: failed program was:
| /* confdefs.h */
| #define PACKAGE_NAME "libspatialite"
| #define PACKAGE_TARNAME "libspatialite"
| #define PACKAGE_VERSION "5.1.0"
| #define PACKAGE_STRING "libspatialite 5.1.0"
| #define PACKAGE_BUGREPORT "a.furieri@lqt.it"
| #define PACKAGE_URL ""
| #define _LARGE_FILE 1
| #define _FILE_OFFSET_BITS 64
| #define _LARGEFILE_SOURCE 1
| #define NDEBUG 1
| #define STDC_HEADERS 1
| #define HAVE_SYS_TYPES_H 1
| #define HAVE_SYS_STAT_H 1
| #define HAVE_STDLIB_H 1
| #define HAVE_STRING_H 1
| #define HAVE_MEMORY_H 1
| #define HAVE_STRINGS_H 1
| #define HAVE_INTTYPES_H 1
| #define HAVE_STDINT_H 1
| #define HAVE_UNISTD_H 1
| #define HAVE_STDLIB_H 1
| #define HAVE_STDIO_H 1
| #define HAVE_STRING_H 1
| #define HAVE_MEMORY_H 1
| #define HAVE_MATH_H 1
| #define HAVE_FLOAT_H 1
| #define HAVE_FCNTL_H 1
| #define HAVE_INTTYPES_H 1
| #define HAVE_STDDEF_H 1
| #define HAVE_STDINT_H 1
| #define HAVE_SYS_TIME_H 1
| #define HAVE_UNISTD_H 1
| #define HAVE_SQLITE3_H 1
| #define HAVE_SQLITE3EXT_H 1
| #define HAVE_ZLIB_H 1
| #define HAVE_DLFCN_H 1
| #define LT_OBJDIR ".libs/"
| /* end confdefs.h.  */
| #include <ac_nonexistent.h>
configure:14188: result: g++ -E
configure:14208: g++ -E  conftest.cpp
configure:14208: $? = 0
configure:14222: g++ -E  conftest.cpp
conftest.cpp:40:10: fatal error: 'ac_nonexistent.h' file not found
#include <ac_nonexistent.h>
         ^~~~~~~~~~~~~~~~~~
1 error generated.
configure:14222: $? = 1
configure: failed program was:
| /* confdefs.h */
| #define PACKAGE_NAME "libspatialite"
| #define PACKAGE_TARNAME "libspatialite"
| #define PACKAGE_VERSION "5.1.0"
| #define PACKAGE_STRING "libspatialite 5.1.0"
| #define PACKAGE_BUGREPORT "a.furieri@lqt.it"
| #define PACKAGE_URL ""
| #define _LARGE_FILE 1
| #define _FILE_OFFSET_BITS 64
| #define _LARGEFILE_SOURCE 1
| #define NDEBUG 1
| #define STDC_HEADERS 1
| #define HAVE_SYS_TYPES_H 1
| #define HAVE_SYS_STAT_H 1
| #define HAVE_STDLIB_H 1
| #define HAVE_STRING_H 1
| #define HAVE_MEMORY_H 1
| #define HAVE_STRINGS_H 1
| #define HAVE_INTTYPES_H 1
| #define HAVE_STDINT_H 1
| #define HAVE_UNISTD_H 1
| #define HAVE_STDLIB_H 1
| #define HAVE_STDIO_H 1
| #define HAVE_STRING_H 1
| #define HAVE_MEMORY_H 1
| #define HAVE_MATH_H 1
| #define HAVE_FLOAT_H 1
| #define HAVE_FCNTL_H 1
| #define HAVE_INTTYPES_H 1
| #define HAVE_STDDEF_H 1
| #define HAVE_STDINT_H 1
| #define HAVE_SYS_TIME_H 1
| #define HAVE_UNISTD_H 1
| #define HAVE_SQLITE3_H 1
| #define HAVE_SQLITE3EXT_H 1
| #define HAVE_ZLIB_H 1
| #define HAVE_DLFCN_H 1
| #define LT_OBJDIR ".libs/"
| /* end confdefs.h.  */
| #include <ac_nonexistent.h>
configure:14384: checking for ld used by g++
configure:14451: result: /Applications/Xcode.app/Contents/Developer/Toolchains/XcodeDefault.xctoolchain/usr/bin/ld
configure:14458: checking if the linker (/Applications/Xcode.app/Contents/Developer/Toolchains/XcodeDefault.xctoolchain/usr/bin/ld) is GNU ld
configure:14473: result: no
configure:14528: checking whether the g++ linker (/Applications/Xcode.app/Contents/Developer/Toolchains/XcodeDefault.xctoolchain/usr/bin/ld) supports shared libraries
configure:15601: result: no
configure:15637: g++ -c -g -O2  conftest.cpp >&5
configure:15640: $? = 0
configure:16121: checking for g++ option to produce PIC
configure:16128: result: -fPIC -DPIC
configure:16136: checking if g++ PIC flag -fPIC -DPIC works
configure:16154: g++ -c -g -O2  -fPIC -DPIC -DPIC conftest.cpp >&5
configure:16158: $? = 0
configure:16171: result: yes
configure:16194: checking if g++ static flag -static works
configure:16222: result: no
configure:16234: checking if g++ supports -c -o file.o
configure:16255: g++ -c -g -O2  -o out/conftest2.o conftest.cpp >&5
configure:16259: $? = 0
configure:16281: result: yes
configure:16286: checking if g++ supports -c -o file.o
configure:16333: result: yes
configure:16363: checking whether the g++ linker (/Applications/Xcode.app/Contents/Developer/Toolchains/XcodeDefault.xctoolchain/usr/bin/ld) supports shared libraries
configure:16403: result: no
configure:16544: checking dynamic linker characteristics
configure:17292: result: no
configure:17357: checking how to hardcode library paths into programs
configure:17382: result: unsupported
configure:17445: checking for an ANSI C-conforming const
configure:17511: gcc -c -g -O2  conftest.c >&5
configure:17511: $? = 0
configure:17518: result: yes
configure:17526: checking for off_t
configure:17526: gcc -c -g -O2  conftest.c >&5
configure:17526: $? = 0
configure:17526: gcc -c -g -O2  conftest.c >&5
conftest.c:76:20: error: expected expression
if (sizeof ((off_t)))
                   ^
1 error generated.
configure:17526: $? = 1
configure: failed program was:
| /* confdefs.h */
| #define PACKAGE_NAME "libspatialite"
| #define PACKAGE_TARNAME "libspatialite"
| #define PACKAGE_VERSION "5.1.0"
| #define PACKAGE_STRING "libspatialite 5.1.0"
| #define PACKAGE_BUGREPORT "a.furieri@lqt.it"
| #define PACKAGE_URL ""
| #define _LARGE_FILE 1
| #define _FILE_OFFSET_BITS 64
| #define _LARGEFILE_SOURCE 1
| #define NDEBUG 1
| #define STDC_HEADERS 1
| #define HAVE_SYS_TYPES_H 1
| #define HAVE_SYS_STAT_H 1
| #define HAVE_STDLIB_H 1
| #define HAVE_STRING_H 1
| #define HAVE_MEMORY_H 1
| #define HAVE_STRINGS_H 1
| #define HAVE_INTTYPES_H 1
| #define HAVE_STDINT_H 1
| #define HAVE_UNISTD_H 1
| #define HAVE_STDLIB_H 1
| #define HAVE_STDIO_H 1
| #define HAVE_STRING_H 1
| #define HAVE_MEMORY_H 1
| #define HAVE_MATH_H 1
| #define HAVE_FLOAT_H 1
| #define HAVE_FCNTL_H 1
| #define HAVE_INTTYPES_H 1
| #define HAVE_STDDEF_H 1
| #define HAVE_STDINT_H 1
| #define HAVE_SYS_TIME_H 1
| #define HAVE_UNISTD_H 1
| #define HAVE_SQLITE3_H 1
| #define HAVE_SQLITE3EXT_H 1
| #define HAVE_ZLIB_H 1
| #define HAVE_DLFCN_H 1
| #define LT_OBJDIR ".libs/"
| /* end confdefs.h.  */
| #include <stdio.h>
| #ifdef HAVE_SYS_TYPES_H
| # include <sys/types.h>
| #endif
| #ifdef HAVE_SYS_STAT_H
| # include <sys/stat.h>
| #endif
| #ifdef STDC_HEADERS
| # include <stdlib.h>
| # include <stddef.h>
| #else
| # ifdef HAVE_STDLIB_H
| #  include <stdlib.h>
| # endif
| #endif
| #ifdef HAVE_STRING_H
| # if !defined STDC_HEADERS && defined HAVE_MEMORY_H
| #  include <memory.h>
| # endif
| # include <string.h>
| #endif
| #ifdef HAVE_STRINGS_H
| # include <strings.h>
| #endif
| #ifdef HAVE_INTTYPES_H
| # include <inttypes.h>
| #endif
| #ifdef HAVE_STDINT_H
| # include <stdint.h>
| #endif
| #ifdef HAVE_UNISTD_H
| # include <unistd.h>
| #endif
| int
| main ()
| {
| if (sizeof ((off_t)))
| 	    return 0;
|   ;
|   return 0;
| }
configure:17526: result: yes
configure:17537: checking for size_t
configure:17537: gcc -c -g -O2  conftest.c >&5
configure:17537: $? = 0
configure:17537: gcc -c -g -O2  conftest.c >&5
conftest.c:76:21: error: expected expression
if (sizeof ((size_t)))
                    ^
1 error generated.
configure:17537: $? = 1
configure: failed program was:
| /* confdefs.h */
| #define PACKAGE_NAME "libspatialite"
| #define PACKAGE_TARNAME "libspatialite"
| #define PACKAGE_VERSION "5.1.0"
| #define PACKAGE_STRING "libspatialite 5.1.0"
| #define PACKAGE_BUGREPORT "a.furieri@lqt.it"
| #define PACKAGE_URL ""
| #define _LARGE_FILE 1
| #define _FILE_OFFSET_BITS 64
| #define _LARGEFILE_SOURCE 1
| #define NDEBUG 1
| #define STDC_HEADERS 1
| #define HAVE_SYS_TYPES_H 1
| #define HAVE_SYS_STAT_H 1
| #define HAVE_STDLIB_H 1
| #define HAVE_STRING_H 1
| #define HAVE_MEMORY_H 1
| #define HAVE_STRINGS_H 1
| #define HAVE_INTTYPES_H 1
| #define HAVE_STDINT_H 1
| #define HAVE_UNISTD_H 1
| #define HAVE_STDLIB_H 1
| #define HAVE_STDIO_H 1
| #define HAVE_STRING_H 1
| #define HAVE_MEMORY_H 1
| #define HAVE_MATH_H 1
| #define HAVE_FLOAT_H 1
| #define HAVE_FCNTL_H 1
| #define HAVE_INTTYPES_H 1
| #define HAVE_STDDEF_H 1
| #define HAVE_STDINT_H 1
| #define HAVE_SYS_TIME_H 1
| #define HAVE_UNISTD_H 1
| #define HAVE_SQLITE3_H 1
| #define HAVE_SQLITE3EXT_H 1
| #define HAVE_ZLIB_H 1
| #define HAVE_DLFCN_H 1
| #define LT_OBJDIR ".libs/"
| /* end confdefs.h.  */
| #include <stdio.h>
| #ifdef HAVE_SYS_TYPES_H
| # include <sys/types.h>
| #endif
| #ifdef HAVE_SYS_STAT_H
| # include <sys/stat.h>
| #endif
| #ifdef STDC_HEADERS
| # include <stdlib.h>
| # include <stddef.h>
| #else
| # ifdef HAVE_STDLIB_H
| #  include <stdlib.h>
| # endif
| #endif
| #ifdef HAVE_STRING_H
| # if !defined STDC_HEADERS && defined HAVE_MEMORY_H
| #  include <memory.h>
| # endif
| # include <string.h>
| #endif
| #ifdef HAVE_STRINGS_H
| # include <strings.h>
| #endif
| #ifdef HAVE_INTTYPES_H
| # include <inttypes.h>
| #endif
| #ifdef HAVE_STDINT_H
| # include <stdint.h>
| #endif
| #ifdef HAVE_UNISTD_H
| # include <unistd.h>
| #endif
| int
| main ()
| {
| if (sizeof ((size_t)))
| 	    return 0;
|   ;
|   return 0;
| }
configure:17537: result: yes
configure:17548: checking whether struct tm is in sys/time.h or time.h
configure:17568: gcc -c -g -O2  conftest.c >&5
configure:17568: $? = 0
configure:17575: result: time.h
configure:17583: checking for working volatile
configure:17602: gcc -c -g -O2  conftest.c >&5
configure:17602: $? = 0
configure:17609: result: yes
configure:17619: checking whether lstat correctly handles trailing slash
configure:17662: result: no
configure:17681: checking whether lstat accepts an empty string
configure:17711: result: yes
configure:17727: checking whether lstat correctly handles trailing slash
configure:17770: result: no
configure:17789: checking for working memcmp
configure:17842: result: no
configure:17851: checking whether stat accepts an empty string
configure:17881: result: yes
configure:17899: checking for strftime
configure:17899: gcc -o conftest -g -O2   conftest.c  >&5
configure:17899: $? = 0
configure:17899: result: yes
configure:17955: checking for memset
configure:17955: gcc -o conftest -g -O2   conftest.c  >&5
conftest.c:66:6: warning: incompatible redeclaration of library function 'memset' [-Wincompatible-library-redeclaration]
char memset ();
     ^
conftest.c:66:6: note: 'memset' is a builtin with type 'void *(void *, int, unsigned long)'
1 warning generated.
configure:17955: $? = 0
configure:17955: result: yes
configure:17955: checking for sqrt
configure:17955: gcc -o conftest -g -O2   conftest.c  >&5
conftest.c:67:6: warning: incompatible redeclaration of library function 'sqrt' [-Wincompatible-library-redeclaration]
char sqrt ();
     ^
conftest.c:67:6: note: 'sqrt' is a builtin with type 'double (double)'
1 warning generated.
configure:17955: $? = 0
configure:17955: result: yes
configure:17955: checking for strcasecmp
configure:17955: gcc -o conftest -g -O2   conftest.c  >&5
conftest.c:68:6: warning: incompatible redeclaration of library function 'strcasecmp' [-Wincompatible-library-redeclaration]
char strcasecmp ();
     ^
conftest.c:68:6: note: 'strcasecmp' is a builtin with type 'int (const char *, const char *)'
1 warning generated.
configure:17955: $? = 0
configure:17955: result: yes
configure:17955: checking for strerror
configure:17955: gcc -o conftest -g -O2   conftest.c  >&5
conftest.c:69:6: warning: incompatible redeclaration of library function 'strerror' [-Wincompatible-library-redeclaration]
char strerror ();
     ^
conftest.c:69:6: note: 'strerror' is a builtin with type 'char *(int)'
1 warning generated.
configure:17955: $? = 0
configure:17955: result: yes
configure:17955: checking for strncasecmp
configure:17955: gcc -o conftest -g -O2   conftest.c  >&5
conftest.c:70:6: warning: incompatible redeclaration of library function 'strncasecmp' [-Wincompatible-library-redeclaration]
char strncasecmp ();
     ^
conftest.c:70:6: note: 'strncasecmp' is a builtin with type 'int (const char *, const char *, unsigned long)'
1 warning generated.
configure:17955: $? = 0
configure:17955: result: yes
configure:17955: checking for strstr
configure:17955: gcc -o conftest -g -O2   conftest.c  >&5
conftest.c:71:6: warning: incompatible redeclaration of library function 'strstr' [-Wincompatible-library-redeclaration]
char strstr ();
     ^
conftest.c:71:6: note: 'strstr' is a builtin with type 'char *(const char *, const char *)'
1 warning generated.
configure:17955: $? = 0
configure:17955: result: yes
configure:17955: checking for fdatasync
configure:17955: gcc -o conftest -g -O2   conftest.c  >&5
configure:17955: $? = 0
configure:17955: result: yes
configure:17955: checking for ftruncate
configure:17955: gcc -o conftest -g -O2   conftest.c  >&5
configure:17955: $? = 0
configure:17955: result: yes
configure:17955: checking for getcwd
configure:17955: gcc -o conftest -g -O2   conftest.c  >&5
configure:17955: $? = 0
configure:17955: result: yes
configure:17955: checking for gettimeofday
configure:17955: gcc -o conftest -g -O2   conftest.c  >&5
configure:17955: $? = 0
configure:17955: result: yes
configure:17955: checking for localtime_r
configure:17955: gcc -o conftest -g -O2   conftest.c  >&5
configure:17955: $? = 0
configure:17955: result: yes
configure:17955: checking for memmove
configure:17955: gcc -o conftest -g -O2   conftest.c  >&5
conftest.c:77:6: warning: incompatible redeclaration of library function 'memmove' [-Wincompatible-library-redeclaration]
char memmove ();
     ^
conftest.c:77:6: note: 'memmove' is a builtin with type 'void *(void *, const void *, unsigned long)'
1 warning generated.
configure:17955: $? = 0
configure:17955: result: yes
configure:17955: checking for strerror
configure:17955: result: yes
configure:17967: checking for inflateInit_ in -lz
configure:17992: gcc -o conftest -g -O2   conftest.c -lz -lm  >&5
configure:17992: $? = 0
configure:18001: result: yes
configure:18058: checking for arm-linux-eabi-pkg-config
configure:18091: result: no
configure:18101: checking for pkg-config
configure:18134: result: no
configure:18169: checking for SQLITE3
configure:18228: result: no
configure:18230: error: 'libsqlite3' is required but it doesn't seem to be installed on this system.

## ---------------- ##
## Cache variables. ##
## ---------------- ##

ac_cv_build=x86_64-pc-linux-gnu
ac_cv_c_compiler_gnu=yes
ac_cv_c_const=yes
ac_cv_c_volatile=yes
ac_cv_cxx_compiler_gnu=yes
ac_cv_env_CCC_set=
ac_cv_env_CCC_value=
ac_cv_env_CC_set=
ac_cv_env_CC_value=
ac_cv_env_CFLAGS_set=
ac_cv_env_CFLAGS_value=
ac_cv_env_CPPFLAGS_set=
ac_cv_env_CPPFLAGS_value=
ac_cv_env_CPP_set=
ac_cv_env_CPP_value=
ac_cv_env_CXXCPP_set=
ac_cv_env_CXXCPP_value=
ac_cv_env_CXXFLAGS_set=
ac_cv_env_CXXFLAGS_value=
ac_cv_env_CXX_set=
ac_cv_env_CXX_value=
ac_cv_env_LDFLAGS_set=
ac_cv_env_LDFLAGS_value=
ac_cv_env_LIBS_set=
ac_cv_env_LIBS_value=
ac_cv_env_LIBXML2_CFLAGS_set=
ac_cv_env_LIBXML2_CFLAGS_value=
ac_cv_env_LIBXML2_LIBS_set=
ac_cv_env_LIBXML2_LIBS_value=
ac_cv_env_LT_SYS_LIBRARY_PATH_set=
ac_cv_env_LT_SYS_LIBRARY_PATH_value=
ac_cv_env_PKG_CONFIG_LIBDIR_set=
ac_cv_env_PKG_CONFIG_LIBDIR_value=
ac_cv_env_PKG_CONFIG_PATH_set=
ac_cv_env_PKG_CONFIG_PATH_value=
ac_cv_env_PKG_CONFIG_set=
ac_cv_env_PKG_CONFIG_value=
ac_cv_env_SQLITE3_CFLAGS_set=
ac_cv_env_SQLITE3_CFLAGS_value=
ac_cv_env_SQLITE3_LIBS_set=
ac_cv_env_SQLITE3_LIBS_value=
ac_cv_env_build_alias_set=set
ac_cv_env_build_alias_value=x86_64-pc-linux-gnu
ac_cv_env_host_alias_set=set
ac_cv_env_host_alias_value=arm-linux-eabi
ac_cv_env_target_alias_set=
ac_cv_env_target_alias_value=
ac_cv_func_fdatasync=yes
ac_cv_func_ftruncate=yes
ac_cv_func_getcwd=yes
ac_cv_func_gettimeofday=yes
ac_cv_func_localtime_r=yes
ac_cv_func_lstat_dereferences_slashed_symlink=no
ac_cv_func_lstat_empty_string_bug=yes
ac_cv_func_memcmp_working=no
ac_cv_func_memmove=yes
ac_cv_func_memset=yes
ac_cv_func_sqrt=yes
ac_cv_func_stat_empty_string_bug=yes
ac_cv_func_strcasecmp=yes
ac_cv_func_strerror=yes
ac_cv_func_strftime=yes
ac_cv_func_strncasecmp=yes
ac_cv_func_strstr=yes
ac_cv_header_dlfcn_h=yes
ac_cv_header_fcntl_h=yes
ac_cv_header_float_h=yes
ac_cv_header_inttypes_h=yes
ac_cv_header_math_h=yes
ac_cv_header_memory_h=yes
ac_cv_header_sqlite3_h=yes
ac_cv_header_sqlite3ext_h=yes
ac_cv_header_stdc=yes
ac_cv_header_stddef_h=yes
ac_cv_header_stdint_h=yes
ac_cv_header_stdio_h=yes
ac_cv_header_stdlib_h=yes
ac_cv_header_string_h=yes
ac_cv_header_strings_h=yes
ac_cv_header_sys_stat_h=yes
ac_cv_header_sys_time_h=yes
ac_cv_header_sys_types_h=yes
ac_cv_header_unistd_h=yes
ac_cv_header_zlib_h=yes
ac_cv_host=arm-linux-eabi
ac_cv_lib_z_inflateInit_=yes
ac_cv_objext=o
ac_cv_path_EGREP='/usr/bin/grep -E'
ac_cv_path_FGREP='/usr/bin/grep -F'
ac_cv_path_GREP=/usr/bin/grep
ac_cv_path_SED=/usr/bin/sed
ac_cv_path_install='/usr/bin/install -c'
ac_cv_path_lt_DD=/bin/dd
ac_cv_prog_AWK=awk
ac_cv_prog_CC=gcc
ac_cv_prog_CPP='gcc -E'
ac_cv_prog_CXXCPP='g++ -E'
ac_cv_prog_STRIP=strip
ac_cv_prog_ac_ct_AR=ar
ac_cv_prog_ac_ct_CC=gcc
ac_cv_prog_ac_ct_CXX=g++
ac_cv_prog_ac_ct_DUMPBIN='link -dump'
ac_cv_prog_ac_ct_OBJDUMP=objdump
ac_cv_prog_ac_ct_RANLIB=ranlib
ac_cv_prog_ac_ct_STRIP=strip
ac_cv_prog_cc_c89=
ac_cv_prog_cc_g=yes
ac_cv_prog_cxx_g=yes
ac_cv_prog_make_make_set=yes
ac_cv_struct_tm=time.h
ac_cv_type_off_t=yes
ac_cv_type_size_t=yes
am_cv_CC_dependencies_compiler_type=gcc3
am_cv_CXX_dependencies_compiler_type=gcc3
am_cv_make_support_nested_variables=yes
am_cv_prog_cc_c_o=yes
lt_cv_ar_at_file=no
lt_cv_deplibs_check_method=unknown
lt_cv_file_magic_cmd='$MAGIC_CMD'
lt_cv_file_magic_test_file=
lt_cv_ld_reload_flag=-r
lt_cv_nm_interface='BSD nm'
lt_cv_objdir=.libs
lt_cv_path_LD=/Applications/Xcode.app/Contents/Developer/Toolchains/XcodeDefault.xctoolchain/usr/bin/ld
lt_cv_path_LDCXX=/Applications/Xcode.app/Contents/Developer/Toolchains/XcodeDefault.xctoolchain/usr/bin/ld
lt_cv_path_NM=no
lt_cv_path_mainfest_tool=no
lt_cv_prog_compiler_c_o=yes
lt_cv_prog_compiler_c_o_CXX=yes
lt_cv_prog_compiler_pic='-fPIC -DPIC'
lt_cv_prog_compiler_pic_CXX='-fPIC -DPIC'
lt_cv_prog_compiler_pic_works=yes
lt_cv_prog_compiler_pic_works_CXX=yes
lt_cv_prog_compiler_rtti_exceptions=yes
lt_cv_prog_compiler_static_works=no
lt_cv_prog_compiler_static_works_CXX=no
lt_cv_prog_gnu_ld=no
lt_cv_prog_gnu_ldcxx=no
lt_cv_sharedlib_from_linklib_cmd='printf %s\n'
lt_cv_sys_global_symbol_pipe='sed -n -e '\''s/^.*[	 ]\([BCDEGRST][BCDEGRST]*\)[	 ][	 ]*_\([_A-Za-z][_A-Za-z0-9]*\)$/\1 _\2 \2/p'\'' | sed '\''/ __gnu_lto/d'\'''
lt_cv_sys_global_symbol_to_c_name_address='sed -n -e '\''s/^: \(.*\) .*$/  {"\1", (void *) 0},/p'\'' -e '\''s/^[BCDEGRST][BCDEGRST]* .* \(.*\)$/  {"\1", (void *) \&\1},/p'\'''
lt_cv_sys_global_symbol_to_c_name_address_lib_prefix='sed -n -e '\''s/^: \(.*\) .*$/  {"\1", (void *) 0},/p'\'' -e '\''s/^[BCDEGRST][BCDEGRST]* .* \(lib.*\)$/  {"\1", (void *) \&\1},/p'\'' -e '\''s/^[BCDEGRST][BCDEGRST]* .* \(.*\)$/  {"lib\1", (void *) \&\1},/p'\'''
lt_cv_sys_global_symbol_to_cdecl='sed -n -e '\''s/^T .* \(.*\)$/extern int \1();/p'\'' -e '\''s/^[BCDEGRST][BCDEGRST]* .* \(.*\)$/extern char \1;/p'\'''
lt_cv_sys_global_symbol_to_import=
lt_cv_sys_max_cmd_len=786432
lt_cv_to_host_file_cmd=func_convert_file_noop
lt_cv_to_tool_file_cmd=func_convert_file_noop
lt_cv_truncate_bin='/bin/dd bs=4096 count=1'

## ----------------- ##
## Output variables. ##
## ----------------- ##

ACLOCAL='${SHELL} /Users/abdelhameed/DevApps/react-native/android-spatialite/lib/src/main/jni/ndk-modules/libspatialite/libspatialite-5.1.0/missing aclocal-1.16'
AMDEPBACKSLASH='\'
AMDEP_FALSE='#'
AMDEP_TRUE=''
AMTAR='$${TAR-tar}'
AM_BACKSLASH='\'
AM_DEFAULT_V='$(AM_DEFAULT_VERBOSITY)'
AM_DEFAULT_VERBOSITY='1'
AM_V='$(V)'
ANDROID_FALSE=''
ANDROID_TRUE=''
AR='ar'
AS='as'
AUTOCONF='${SHELL} /Users/abdelhameed/DevApps/react-native/android-spatialite/lib/src/main/jni/ndk-modules/libspatialite/libspatialite-5.1.0/missing autoconf'
AUTOHEADER='${SHELL} /Users/abdelhameed/DevApps/react-native/android-spatialite/lib/src/main/jni/ndk-modules/libspatialite/libspatialite-5.1.0/missing autoheader'
AUTOMAKE='${SHELL} /Users/abdelhameed/DevApps/react-native/android-spatialite/lib/src/main/jni/ndk-modules/libspatialite/libspatialite-5.1.0/missing automake-1.16'
AWK='awk'
CC='gcc'
CCDEPMODE='depmode=gcc3'
CFLAGS='-g -O2'
CPP='gcc -E'
CPPFLAGS=''
CXX='g++'
CXXCPP='g++ -E'
CXXDEPMODE='depmode=gcc3'
CXXFLAGS='-g -O2'
CYGPATH_W='echo'
DEFS=''
DEPDIR='.deps'
DLLTOOL='false'
DSYMUTIL=''
DUMPBIN=':'
ECHO_C='\c'
ECHO_N=''
ECHO_T=''
EGREP='/usr/bin/grep -E'
ENABLE_EXAMPLES_FALSE=''
ENABLE_EXAMPLES_TRUE=''
ENABLE_GEOPACKAGE_FALSE=''
ENABLE_GEOPACKAGE_TRUE=''
EXEEXT=''
FGREP='/usr/bin/grep -F'
GEOSCONFIG=''
GEOS_CFLAGS=''
GEOS_LDFLAGS=''
GREP='/usr/bin/grep'
INSTALL_DATA='${INSTALL} -m 644'
INSTALL_PROGRAM='${INSTALL}'
INSTALL_SCRIPT='${INSTALL}'
INSTALL_STRIP_PROGRAM='$(install_sh) -c -s'
LD='/Applications/Xcode.app/Contents/Developer/Toolchains/XcodeDefault.xctoolchain/usr/bin/ld'
LDFLAGS=''
LIBOBJS=' lstat.o memcmp.o stat.o'
LIBS='-lz '
LIBTOOL='$(SHELL) $(top_builddir)/libtool'
LIBXML2_CFLAGS=''
LIBXML2_LIBS=''
LIPO=''
LN_S='ln -s'
LTLIBOBJS=''
LT_SYS_LIBRARY_PATH=''
MACOSX_FALSE=''
MACOSX_TRUE=''
MAINT='#'
MAINTAINER_MODE_FALSE=''
MAINTAINER_MODE_TRUE='#'
MAKEINFO='${SHELL} /Users/abdelhameed/DevApps/react-native/android-spatialite/lib/src/main/jni/ndk-modules/libspatialite/libspatialite-5.1.0/missing makeinfo'
MANIFEST_TOOL=':'
MINGW_FALSE=''
MINGW_TRUE=''
MKDIR_P='./install-sh -c -d'
MODULE_ONLY_FALSE=''
MODULE_ONLY_TRUE=''
NM='nm'
NMEDIT=''
OBJDUMP='objdump'
OBJEXT='o'
OTOOL64=''
OTOOL=''
PACKAGE='libspatialite'
PACKAGE_BUGREPORT='a.furieri@lqt.it'
PACKAGE_NAME='libspatialite'
PACKAGE_STRING='libspatialite 5.1.0'
PACKAGE_TARNAME='libspatialite'
PACKAGE_URL=''
PACKAGE_VERSION='5.1.0'
PATH_SEPARATOR=':'
PKG_CONFIG=''
PKG_CONFIG_LIBDIR=''
PKG_CONFIG_PATH=''
RANLIB='ranlib'
SED='/usr/bin/sed'
SET_MAKE=''
SHELL='/bin/sh'
SQLITE3_CFLAGS=''
SQLITE3_LIBS=''
STRIP='strip'
VERSION='5.1.0'
ac_ct_AR='ar'
ac_ct_CC='gcc'
ac_ct_CXX='g++'
ac_ct_DUMPBIN='link -dump'
am__EXEEXT_FALSE=''
am__EXEEXT_TRUE=''
am__fastdepCC_FALSE='#'
am__fastdepCC_TRUE=''
am__fastdepCXX_FALSE='#'
am__fastdepCXX_TRUE=''
am__include='include'
am__isrc=''
am__leading_dot='.'
am__nodep='_no'
am__quote=''
am__tar='$${TAR-tar} chof - "$$tardir"'
am__untar='$${TAR-tar} xf -'
bindir='${exec_prefix}/bin'
build='x86_64-pc-linux-gnu'
build_alias='x86_64-pc-linux-gnu'
build_cpu='x86_64'
build_os='linux-gnu'
build_vendor='pc'
datadir='${datarootdir}'
datarootdir='${prefix}/share'
docdir='${datarootdir}/doc/${PACKAGE_TARNAME}'
dvidir='${docdir}'
exec_prefix='NONE'
host='arm-linux-eabi'
host_alias='arm-linux-eabi'
host_cpu='arm'
host_os='eabi'
host_vendor='linux'
htmldir='${docdir}'
includedir='${prefix}/include'
infodir='${datarootdir}/info'
install_sh='${SHELL} /Users/abdelhameed/DevApps/react-native/android-spatialite/lib/src/main/jni/ndk-modules/libspatialite/libspatialite-5.1.0/install-sh'
libdir='${exec_prefix}/lib'
libexecdir='${exec_prefix}/libexec'
localedir='${datarootdir}/locale'
localstatedir='${prefix}/var'
mandir='${datarootdir}/man'
mkdir_p='$(MKDIR_P)'
oldincludedir='/usr/include'
pdfdir='${docdir}'
prefix='NONE'
program_transform_name='s,x,x,'
psdir='${docdir}'
runstatedir='${localstatedir}/run'
sbindir='${exec_prefix}/sbin'
sharedstatedir='${prefix}/com'
sysconfdir='${prefix}/etc'
target_alias=''

## ----------- ##
## confdefs.h. ##
## ----------- ##

/* confdefs.h */
#define PACKAGE_NAME "libspatialite"
#define PACKAGE_TARNAME "libspatialite"
#define PACKAGE_VERSION "5.1.0"
#define PACKAGE_STRING "libspatialite 5.1.0"
#define PACKAGE_BUGREPORT "a.furieri@lqt.it"
#define PACKAGE_URL ""
#define _LARGE_FILE 1
#define _FILE_OFFSET_BITS 64
#define _LARGEFILE_SOURCE 1
#define NDEBUG 1
#define STDC_HEADERS 1
#define HAVE_SYS_TYPES_H 1
#define HAVE_SYS_STAT_H 1
#define HAVE_STDLIB_H 1
#define HAVE_STRING_H 1
#define HAVE_MEMORY_H 1
#define HAVE_STRINGS_H 1
#define HAVE_INTTYPES_H 1
#define HAVE_STDINT_H 1
#define HAVE_UNISTD_H 1
#define HAVE_STDLIB_H 1
#define HAVE_STDIO_H 1
#define HAVE_STRING_H 1
#define HAVE_MEMORY_H 1
#define HAVE_MATH_H 1
#define HAVE_FLOAT_H 1
#define HAVE_FCNTL_H 1
#define HAVE_INTTYPES_H 1
#define HAVE_STDDEF_H 1
#define HAVE_STDINT_H 1
#define HAVE_SYS_TIME_H 1
#define HAVE_UNISTD_H 1
#define HAVE_SQLITE3_H 1
#define HAVE_SQLITE3EXT_H 1
#define HAVE_ZLIB_H 1
#define HAVE_DLFCN_H 1
#define LT_OBJDIR ".libs/"
#define HAVE_LSTAT_EMPTY_STRING_BUG 1
#define HAVE_STAT_EMPTY_STRING_BUG 1
#define HAVE_STRFTIME 1
#define HAVE_MEMSET 1
#define HAVE_SQRT 1
#define HAVE_STRCASECMP 1
#define HAVE_STRERROR 1
#define HAVE_STRNCASECMP 1
#define HAVE_STRSTR 1
#define HAVE_FDATASYNC 1
#define HAVE_FTRUNCATE 1
#define HAVE_GETCWD 1
#define HAVE_GETTIMEOFDAY 1
#define HAVE_LOCALTIME_R 1
#define HAVE_MEMMOVE 1
#define HAVE_STRERROR 1
#define HAVE_LIBZ 1
#define SPATIALITE_TARGET_CPU "arm64-apple-darwin20.4.0"
#define SPATIALITE_VERSION "5.1.0"

configure: exit 1
